<?xml version="1.0" encoding="UTF-8"?>
<!-- Generated by org.testng.reporters.JUnitReportReporter -->
<testsuite hostname="LAPTOP-AMJK1B2C" name="com.apex.user.api.test.UserAPITest_NG" tests="4" failures="0" timestamp="6 Mar 2020 02:31:21 GMT" time="2.199" errors="0">
  <testcase name="testGetwithNonExistingId" time="0.528" classname="com.apex.user.api.test.UserAPITest_NG"/>
  <testcase name="testGetwithAlphabet" time="1.295" classname="com.apex.user.api.test.UserAPITest_NG"/>
  <testcase name="testGetwithSuccessData" time="0.181" classname="com.apex.user.api.test.UserAPITest_NG"/>
  <testcase name="testGetwithBlank" time="0.195" classname="com.apex.user.api.test.UserAPITest_NG"/>
</testsuite> <!-- com.apex.user.api.test.UserAPITest_NG -->
