<?xml version="1.0" encoding="UTF-8"?>
<!-- Generated by org.testng.reporters.JUnitReportReporter -->
<testsuite hostname="LAPTOP-AMJK1B2C" name="com.apex.user.api.test.UserAPIDeleteTest" tests="1" failures="0" timestamp="16 Mar 2020 23:55:17 GMT" time="1.923" errors="0">
  <testcase name="testDeletetwithExistingData" time="1.923" classname="com.apex.user.api.test.UserAPIDeleteTest"/>
</testsuite> <!-- com.apex.user.api.test.UserAPIDeleteTest -->
